{"meta": {"format": 3, "version": "7.10.3", "timestamp": "2025-08-15T14:26:45.973177", "branch_coverage": false, "show_contexts": false}, "files": {"src/__init__.py": {"executed_lines": [1, 11, 12], "summary": {"covered_lines": 2, "num_statements": 2, "percent_covered": 100.0, "percent_covered_display": "100", "missing_lines": 0, "excluded_lines": 0}, "missing_lines": [], "excluded_lines": [], "functions": {"": {"executed_lines": [1, 11, 12], "summary": {"covered_lines": 2, "num_statements": 2, "percent_covered": 100.0, "percent_covered_display": "100", "missing_lines": 0, "excluded_lines": 0}, "missing_lines": [], "excluded_lines": []}}, "classes": {"": {"executed_lines": [1, 11, 12], "summary": {"covered_lines": 2, "num_statements": 2, "percent_covered": 100.0, "percent_covered_display": "100", "missing_lines": 0, "excluded_lines": 0}, "missing_lines": [], "excluded_lines": []}}}, "src/cortex_system_config.py": {"executed_lines": [], "summary": {"covered_lines": 0, "num_statements": 46, "percent_covered": 0.0, "percent_covered_display": "0", "missing_lines": 46, "excluded_lines": 0}, "missing_lines": [7, 8, 10, 13, 14, 15, 16, 17, 19, 22, 29, 30, 32, 34, 38, 74, 75, 77, 84, 95, 98, 119, 120, 127, 129, 132, 135, 137, 138, 140, 141, 143, 146, 147, 155, 156, 157, 158, 159, 161, 163, 165, 167, 168, 169, 170], "excluded_lines": [], "functions": {"CortexSystemConfig.__init__": {"executed_lines": [], "summary": {"covered_lines": 0, "num_statements": 4, "percent_covered": 0.0, "percent_covered_display": "0", "missing_lines": 4, "excluded_lines": 0}, "missing_lines": [14, 15, 16, 17], "excluded_lines": []}, "CortexSystemConfig.create_cortex_system_engine": {"executed_lines": [], "summary": {"covered_lines": 0, "num_statements": 4, "percent_covered": 0.0, "percent_covered_display": "0", "missing_lines": 4, "excluded_lines": 0}, "missing_lines": [22, 29, 30, 32], "excluded_lines": []}, "CortexSystemConfig.setup_cortex_system_templates": {"executed_lines": [], "summary": {"covered_lines": 0, "num_statements": 5, "percent_covered": 0.0, "percent_covered_display": "0", "missing_lines": 5, "excluded_lines": 0}, "missing_lines": [38, 74, 75, 77, 84], "excluded_lines": []}, "CortexSystemConfig.setup_cortex_system_workflows": {"executed_lines": [], "summary": {"covered_lines": 0, "num_statements": 3, "percent_covered": 0.0, "percent_covered_display": "0", "missing_lines": 3, "excluded_lines": 0}, "missing_lines": [98, 119, 120], "excluded_lines": []}, "initialize_cortex_system": {"executed_lines": [], "summary": {"covered_lines": 0, "num_statements": 16, "percent_covered": 0.0, "percent_covered_display": "0", "missing_lines": 16, "excluded_lines": 0}, "missing_lines": [129, 132, 135, 137, 138, 140, 141, 143, 146, 147, 155, 156, 157, 158, 159, 161], "excluded_lines": []}, "": {"executed_lines": [], "summary": {"covered_lines": 0, "num_statements": 14, "percent_covered": 0.0, "percent_covered_display": "0", "missing_lines": 14, "excluded_lines": 0}, "missing_lines": [7, 8, 10, 13, 19, 34, 95, 127, 163, 165, 167, 168, 169, 170], "excluded_lines": []}}, "classes": {"CortexSystemConfig": {"executed_lines": [], "summary": {"covered_lines": 0, "num_statements": 16, "percent_covered": 0.0, "percent_covered_display": "0", "missing_lines": 16, "excluded_lines": 0}, "missing_lines": [14, 15, 16, 17, 22, 29, 30, 32, 38, 74, 75, 77, 84, 98, 119, 120], "excluded_lines": []}, "": {"executed_lines": [], "summary": {"covered_lines": 0, "num_statements": 30, "percent_covered": 0.0, "percent_covered_display": "0", "missing_lines": 30, "excluded_lines": 0}, "missing_lines": [7, 8, 10, 13, 19, 34, 95, 127, 129, 132, 135, 137, 138, 140, 141, 143, 146, 147, 155, 156, 157, 158, 159, 161, 163, 165, 167, 168, 169, 170], "excluded_lines": []}}}, "src/governance/__init__.py": {"executed_lines": [1], "summary": {"covered_lines": 0, "num_statements": 0, "percent_covered": 100.0, "percent_covered_display": "100", "missing_lines": 0, "excluded_lines": 0}, "missing_lines": [], "excluded_lines": [], "functions": {"": {"executed_lines": [1], "summary": {"covered_lines": 0, "num_statements": 0, "percent_covered": 100.0, "percent_covered_display": "100", "missing_lines": 0, "excluded_lines": 0}, "missing_lines": [], "excluded_lines": []}}, "classes": {"": {"executed_lines": [1], "summary": {"covered_lines": 0, "num_statements": 0, "percent_covered": 100.0, "percent_covered_display": "100", "missing_lines": 0, "excluded_lines": 0}, "missing_lines": [], "excluded_lines": []}}}, "src/governance/data_governance.py": {"executed_lines": [1, 6, 7, 8, 9, 10, 11, 14, 16, 17, 19, 20, 24, 25, 26, 27, 29, 30, 31, 32, 33, 34, 36, 37, 39, 40, 41, 42, 43, 47, 49, 52, 53, 54, 56, 57, 62, 65, 66, 67, 69, 71, 72, 74, 75, 77, 78, 80, 93, 95, 96, 97, 98, 99, 100, 104, 111, 113, 115, 117, 119, 122, 124, 125, 126, 129, 132, 135, 136, 156, 157, 163, 164, 166, 168, 170, 210, 220, 223, 224, 225, 227, 229, 231, 234, 235, 236, 241, 243, 245, 246, 250, 253, 254, 257, 260, 262, 266, 267, 270, 271, 275, 276, 279, 281, 287, 288, 291, 294, 297, 298, 301, 303, 306, 313, 321, 322, 325, 326, 327, 330, 331, 332, 333, 336, 339, 340, 342, 344, 345, 348, 349, 352, 353, 355, 356, 359, 360, 361, 363, 364, 365, 367, 369, 371, 412, 414, 415, 416, 418, 419, 421, 422, 427, 433, 435, 436, 437, 438, 440, 441, 443, 447, 449, 452, 454, 456, 459, 461, 463, 469, 472, 475, 482, 485, 487, 488, 489, 491, 523, 573, 603, 629, 635, 638, 641, 642, 643, 646, 647, 648, 649, 650, 651, 652, 655, 656, 657, 658, 659, 662, 663, 664, 665, 668, 672, 674, 676, 679, 680, 682, 683, 685, 686, 688, 691, 692, 693, 696, 697, 700, 701, 704, 707, 708, 709, 711, 712, 715, 716, 719, 723, 727, 728, 730, 731, 732, 735, 736, 737, 739, 740, 741, 742, 744, 757, 760, 761, 763, 765, 766, 767, 768, 770, 772, 787, 790, 791, 793, 795, 796, 797, 798, 800, 802, 838, 840, 843, 844, 846, 849, 850, 851, 853, 854, 855, 856, 858, 860, 883, 885, 886, 919, 922, 923, 926, 931, 932, 933, 935, 936, 938, 939, 940, 941, 943, 946, 948, 983, 1011, 1013, 1014, 1016, 1017, 1018, 1019, 1021, 1022, 1023, 1024, 1026, 1027, 1028, 1029, 1031, 1034, 1035, 1037], "summary": {"covered_lines": 316, "num_statements": 503, "percent_covered": 62.82306163021869, "percent_covered_display": "63", "missing_lines": 187, "excluded_lines": 0}, "missing_lines": [18, 21, 22, 50, 58, 59, 60, 101, 102, 120, 232, 420, 424, 429, 430, 431, 445, 451, 458, 470, 483, 493, 494, 495, 506, 507, 509, 510, 511, 513, 518, 519, 520, 521, 525, 526, 527, 539, 540, 542, 543, 544, 546, 547, 548, 550, 551, 552, 554, 555, 556, 558, 568, 569, 570, 571, 575, 576, 578, 584, 585, 594, 595, 600, 601, 606, 607, 608, 626, 627, 669, 702, 720, 721, 746, 748, 749, 750, 751, 752, 753, 755, 774, 776, 777, 778, 779, 780, 781, 782, 783, 785, 804, 805, 808, 809, 812, 813, 814, 817, 818, 819, 822, 823, 824, 827, 828, 831, 832, 833, 834, 836, 863, 868, 869, 870, 873, 874, 876, 877, 878, 879, 881, 888, 889, 890, 896, 898, 899, 900, 903, 904, 906, 907, 908, 909, 911, 912, 913, 915, 916, 917, 944, 950, 951, 953, 954, 955, 960, 961, 962, 963, 964, 967, 968, 969, 970, 971, 972, 974, 977, 978, 980, 981, 985, 986, 988, 989, 990, 992, 993, 994, 995, 996, 997, 999, 1001, 1008, 1009, 1032, 1039, 1042, 1043, 1049, 1052, 1053, 1059], "excluded_lines": [], "functions": {"Neo4jTemplateManager.__init__": {"executed_lines": [40, 41, 42, 43], "summary": {"covered_lines": 4, "num_statements": 4, "percent_covered": 100.0, "percent_covered_display": "100", "missing_lines": 0, "excluded_lines": 0}, "missing_lines": [], "excluded_lines": []}, "Neo4jTemplateManager._connect": {"executed_lines": [49, 52, 53, 54, 56, 57], "summary": {"covered_lines": 6, "num_statements": 10, "percent_covered": 60.0, "percent_covered_display": "60", "missing_lines": 4, "excluded_lines": 0}, "missing_lines": [50, 58, 59, 60], "excluded_lines": []}, "Neo4jTemplateManager.is_connected": {"executed_lines": [65, 66, 67], "summary": {"covered_lines": 3, "num_statements": 3, "percent_covered": 100.0, "percent_covered_display": "100", "missing_lines": 0, "excluded_lines": 0}, "missing_lines": [], "excluded_lines": []}, "Neo4jTemplateManager.get_templates_for_project": {"executed_lines": [71, 72, 74, 75, 77, 78, 80, 93, 95, 96, 97, 98, 99, 100, 104, 111, 113, 115], "summary": {"covered_lines": 18, "num_statements": 20, "percent_covered": 90.0, "percent_covered_display": "90", "missing_lines": 2, "excluded_lines": 0}, "missing_lines": [101, 102], "excluded_lines": []}, "Neo4jTemplateManager.create_template_if_missing": {"executed_lines": [119, 122, 124, 125, 126, 129, 132, 135, 136, 156, 157, 163, 164, 166], "summary": {"covered_lines": 14, "num_statements": 15, "percent_covered": 93.33333333333333, "percent_covered_display": "93", "missing_lines": 1, "excluded_lines": 0}, "missing_lines": [120], "excluded_lines": []}, "Neo4jTemplateManager._generate_template_config": {"executed_lines": [170, 210, 220, 223, 224, 225, 227], "summary": {"covered_lines": 7, "num_statements": 7, "percent_covered": 100.0, "percent_covered_display": "100", "missing_lines": 0, "excluded_lines": 0}, "missing_lines": [], "excluded_lines": []}, "Neo4jTemplateManager.update_template_usage": {"executed_lines": [231, 234, 235, 236, 241, 243], "summary": {"covered_lines": 6, "num_statements": 7, "percent_covered": 85.71428571428571, "percent_covered_display": "86", "missing_lines": 1, "excluded_lines": 0}, "missing_lines": [232], "excluded_lines": []}, "DataGovernanceEngine.__init__": {"executed_lines": [250, 253, 254, 257, 260], "summary": {"covered_lines": 5, "num_statements": 5, "percent_covered": 100.0, "percent_covered_display": "100", "missing_lines": 0, "excluded_lines": 0}, "missing_lines": [], "excluded_lines": []}, "DataGovernanceEngine.get_templates_for_context": {"executed_lines": [266, 267, 270, 271, 275, 276, 279], "summary": {"covered_lines": 7, "num_statements": 7, "percent_covered": 100.0, "percent_covered_display": "100", "missing_lines": 0, "excluded_lines": 0}, "missing_lines": [], "excluded_lines": []}, "DataGovernanceEngine.validate_note_creation_with_context": {"executed_lines": [287, 288, 291, 294, 297, 298, 301], "summary": {"covered_lines": 7, "num_statements": 7, "percent_covered": 100.0, "percent_covered_display": "100", "missing_lines": 0, "excluded_lines": 0}, "missing_lines": [], "excluded_lines": []}, "DataGovernanceEngine._extract_keywords_from_content": {"executed_lines": [306, 313, 321, 322, 325, 326, 327, 330, 331, 332, 333, 336, 339, 340], "summary": {"covered_lines": 14, "num_statements": 14, "percent_covered": 100.0, "percent_covered_display": "100", "missing_lines": 0, "excluded_lines": 0}, "missing_lines": [], "excluded_lines": []}, "DataGovernanceEngine._select_best_template": {"executed_lines": [344, 345, 348, 349, 352, 353, 355, 356, 359, 360, 361, 363, 364, 365, 367], "summary": {"covered_lines": 15, "num_statements": 15, "percent_covered": 100.0, "percent_covered_display": "100", "missing_lines": 0, "excluded_lines": 0}, "missing_lines": [], "excluded_lines": []}, "DataGovernanceEngine._load_default_config": {"executed_lines": [371], "summary": {"covered_lines": 1, "num_statements": 1, "percent_covered": 100.0, "percent_covered_display": "100", "missing_lines": 0, "excluded_lines": 0}, "missing_lines": [], "excluded_lines": []}, "DataGovernanceEngine._load_external_config": {"executed_lines": [414, 415, 416, 418, 419, 421, 422, 427], "summary": {"covered_lines": 8, "num_statements": 13, "percent_covered": 61.53846153846154, "percent_covered_display": "62", "missing_lines": 5, "excluded_lines": 0}, "missing_lines": [420, 424, 429, 430, 431], "excluded_lines": []}, "DataGovernanceEngine._deep_merge": {"executed_lines": [435, 436, 437, 438, 440, 441], "summary": {"covered_lines": 6, "num_statements": 6, "percent_covered": 100.0, "percent_covered_display": "100", "missing_lines": 0, "excluded_lines": 0}, "missing_lines": [], "excluded_lines": []}, "DataGovernanceEngine.set_neo4j_driver": {"executed_lines": [], "summary": {"covered_lines": 0, "num_statements": 1, "percent_covered": 0.0, "percent_covered_display": "0", "missing_lines": 1, "excluded_lines": 0}, "missing_lines": [445], "excluded_lines": []}, "DataGovernanceEngine.get_workflows": {"executed_lines": [449, 452], "summary": {"covered_lines": 2, "num_statements": 3, "percent_covered": 66.66666666666667, "percent_covered_display": "67", "missing_lines": 1, "excluded_lines": 0}, "missing_lines": [451], "excluded_lines": []}, "DataGovernanceEngine.get_templates": {"executed_lines": [456, 459], "summary": {"covered_lines": 2, "num_statements": 3, "percent_covered": 66.66666666666667, "percent_covered_display": "67", "missing_lines": 1, "excluded_lines": 0}, "missing_lines": [458], "excluded_lines": []}, "DataGovernanceEngine.add_workflow": {"executed_lines": [463, 469], "summary": {"covered_lines": 2, "num_statements": 3, "percent_covered": 66.66666666666667, "percent_covered_display": "67", "missing_lines": 1, "excluded_lines": 0}, "missing_lines": [470], "excluded_lines": []}, "DataGovernanceEngine.add_template": {"executed_lines": [475, 482], "summary": {"covered_lines": 2, "num_statements": 3, "percent_covered": 66.66666666666667, "percent_covered_display": "67", "missing_lines": 1, "excluded_lines": 0}, "missing_lines": [483], "excluded_lines": []}, "DataGovernanceEngine.update_validation_rules": {"executed_lines": [487, 488, 489], "summary": {"covered_lines": 3, "num_statements": 3, "percent_covered": 100.0, "percent_covered_display": "100", "missing_lines": 0, "excluded_lines": 0}, "missing_lines": [], "excluded_lines": []}, "DataGovernanceEngine._load_workflows_from_neo4j": {"executed_lines": [], "summary": {"covered_lines": 0, "num_statements": 13, "percent_covered": 0.0, "percent_covered_display": "0", "missing_lines": 13, "excluded_lines": 0}, "missing_lines": [493, 494, 495, 506, 507, 509, 510, 511, 513, 518, 519, 520, 521], "excluded_lines": []}, "DataGovernanceEngine._load_templates_from_neo4j": {"executed_lines": [], "summary": {"covered_lines": 0, "num_statements": 22, "percent_covered": 0.0, "percent_covered_display": "0", "missing_lines": 22, "excluded_lines": 0}, "missing_lines": [525, 526, 527, 539, 540, 542, 543, 544, 546, 547, 548, 550, 551, 552, 554, 555, 556, 558, 568, 569, 570, 571], "excluded_lines": []}, "DataGovernanceEngine._save_workflow_to_neo4j": {"executed_lines": [], "summary": {"covered_lines": 0, "num_statements": 9, "percent_covered": 0.0, "percent_covered_display": "0", "missing_lines": 9, "excluded_lines": 0}, "missing_lines": [575, 576, 578, 584, 585, 594, 595, 600, 601], "excluded_lines": []}, "DataGovernanceEngine._save_template_to_neo4j": {"executed_lines": [], "summary": {"covered_lines": 0, "num_statements": 5, "percent_covered": 0.0, "percent_covered_display": "0", "missing_lines": 5, "excluded_lines": 0}, "missing_lines": [606, 607, 608, 626, 627], "excluded_lines": []}, "DataGovernanceEngine.validate_note_creation": {"executed_lines": [635, 638, 641, 642, 643, 646, 647, 648, 649, 650, 651, 652, 655, 656, 657, 658, 659, 662, 663, 664, 665, 668, 672, 674], "summary": {"covered_lines": 24, "num_statements": 25, "percent_covered": 96.0, "percent_covered_display": "96", "missing_lines": 1, "excluded_lines": 0}, "missing_lines": [669], "excluded_lines": []}, "DataGovernanceEngine._validate_required_fields": {"executed_lines": [679, 680, 682, 683, 685, 686], "summary": {"covered_lines": 6, "num_statements": 6, "percent_covered": 100.0, "percent_covered_display": "100", "missing_lines": 0, "excluded_lines": 0}, "missing_lines": [], "excluded_lines": []}, "DataGovernanceEngine._validate_naming_conventions": {"executed_lines": [691, 692, 693, 696, 697, 700, 701], "summary": {"covered_lines": 7, "num_statements": 8, "percent_covered": 87.5, "percent_covered_display": "88", "missing_lines": 1, "excluded_lines": 0}, "missing_lines": [702], "excluded_lines": []}, "DataGovernanceEngine._validate_content_quality": {"executed_lines": [707, 708, 709, 711, 712, 715, 716, 719], "summary": {"covered_lines": 8, "num_statements": 10, "percent_covered": 80.0, "percent_covered_display": "80", "missing_lines": 2, "excluded_lines": 0}, "missing_lines": [720, 721], "excluded_lines": []}, "DataGovernanceEngine._validate_template_compliance": {"executed_lines": [727, 728, 730, 731, 732, 735, 736, 737, 739, 740, 741, 742], "summary": {"covered_lines": 12, "num_statements": 12, "percent_covered": 100.0, "percent_covered_display": "100", "missing_lines": 0, "excluded_lines": 0}, "missing_lines": [], "excluded_lines": []}, "DataGovernanceEngine._suggest_template": {"executed_lines": [], "summary": {"covered_lines": 0, "num_statements": 8, "percent_covered": 0.0, "percent_covered_display": "0", "missing_lines": 8, "excluded_lines": 0}, "missing_lines": [746, 748, 749, 750, 751, 752, 753, 755], "excluded_lines": []}, "DataGovernanceEngine._suggest_template_dynamic": {"executed_lines": [760, 761, 763, 765, 766, 767, 768, 770], "summary": {"covered_lines": 8, "num_statements": 8, "percent_covered": 100.0, "percent_covered_display": "100", "missing_lines": 0, "excluded_lines": 0}, "missing_lines": [], "excluded_lines": []}, "DataGovernanceEngine._suggest_workflow_step": {"executed_lines": [], "summary": {"covered_lines": 0, "num_statements": 10, "percent_covered": 0.0, "percent_covered_display": "0", "missing_lines": 10, "excluded_lines": 0}, "missing_lines": [774, 776, 777, 778, 779, 780, 781, 782, 783, 785], "excluded_lines": []}, "DataGovernanceEngine._suggest_workflow_step_dynamic": {"executed_lines": [790, 791, 793, 795, 796, 797, 798, 800], "summary": {"covered_lines": 8, "num_statements": 8, "percent_covered": 100.0, "percent_covered_display": "100", "missing_lines": 0, "excluded_lines": 0}, "missing_lines": [], "excluded_lines": []}, "DataGovernanceEngine._suggest_tags": {"executed_lines": [], "summary": {"covered_lines": 0, "num_statements": 20, "percent_covered": 0.0, "percent_covered_display": "0", "missing_lines": 20, "excluded_lines": 0}, "missing_lines": [804, 805, 808, 809, 812, 813, 814, 817, 818, 819, 822, 823, 824, 827, 828, 831, 832, 833, 834, 836], "excluded_lines": []}, "DataGovernanceEngine._suggest_tags_dynamic": {"executed_lines": [840, 843, 844, 846, 849, 850, 851, 853, 854, 855, 856, 858], "summary": {"covered_lines": 12, "num_statements": 12, "percent_covered": 100.0, "percent_covered_display": "100", "missing_lines": 0, "excluded_lines": 0}, "missing_lines": [], "excluded_lines": []}, "DataGovernanceEngine._check_potential_duplicate": {"executed_lines": [], "summary": {"covered_lines": 0, "num_statements": 11, "percent_covered": 0.0, "percent_covered_display": "0", "missing_lines": 11, "excluded_lines": 0}, "missing_lines": [863, 868, 869, 870, 873, 874, 876, 877, 878, 879, 881], "excluded_lines": []}, "DataGovernanceEngine._check_potential_duplicate_dynamic": {"executed_lines": [885, 886], "summary": {"covered_lines": 2, "num_statements": 21, "percent_covered": 9.523809523809524, "percent_covered_display": "10", "missing_lines": 19, "excluded_lines": 0}, "missing_lines": [888, 889, 890, 896, 898, 899, 900, 903, 904, 906, 907, 908, 909, 911, 912, 913, 915, 916, 917], "excluded_lines": []}, "DataGovernanceEngine._check_potential_duplicate_fallback": {"executed_lines": [922, 923, 926, 931, 932, 933, 935, 936, 938, 939, 940, 941, 943, 946], "summary": {"covered_lines": 14, "num_statements": 15, "percent_covered": 93.33333333333333, "percent_covered_display": "93", "missing_lines": 1, "excluded_lines": 0}, "missing_lines": [944], "excluded_lines": []}, "DataGovernanceEngine.load_validation_rules_from_neo4j": {"executed_lines": [], "summary": {"covered_lines": 0, "num_statements": 21, "percent_covered": 0.0, "percent_covered_display": "0", "missing_lines": 21, "excluded_lines": 0}, "missing_lines": [950, 951, 953, 954, 955, 960, 961, 962, 963, 964, 967, 968, 969, 970, 971, 972, 974, 977, 978, 980, 981], "excluded_lines": []}, "DataGovernanceEngine.save_validation_rules_to_neo4j": {"executed_lines": [], "summary": {"covered_lines": 0, "num_statements": 15, "percent_covered": 0.0, "percent_covered_display": "0", "missing_lines": 15, "excluded_lines": 0}, "missing_lines": [985, 986, 988, 989, 990, 992, 993, 994, 995, 996, 997, 999, 1001, 1008, 1009], "excluded_lines": []}, "print_validation_result": {"executed_lines": [1013, 1014, 1016, 1017, 1018, 1019, 1021, 1022, 1023, 1024, 1026, 1027, 1028, 1029, 1031, 1034, 1035], "summary": {"covered_lines": 17, "num_statements": 18, "percent_covered": 94.44444444444444, "percent_covered_display": "94", "missing_lines": 1, "excluded_lines": 0}, "missing_lines": [1032], "excluded_lines": []}, "": {"executed_lines": [1, 6, 7, 8, 9, 10, 11, 14, 16, 17, 19, 20, 24, 25, 26, 27, 29, 30, 31, 32, 33, 34, 36, 37, 39, 47, 62, 69, 117, 168, 229, 245, 246, 262, 281, 303, 342, 369, 412, 433, 443, 447, 454, 461, 472, 485, 491, 523, 573, 603, 629, 676, 688, 704, 723, 744, 757, 772, 787, 802, 838, 860, 883, 919, 948, 983, 1011, 1037], "summary": {"covered_lines": 66, "num_statements": 76, "percent_covered": 86.84210526315789, "percent_covered_display": "87", "missing_lines": 10, "excluded_lines": 0}, "missing_lines": [18, 21, 22, 1039, 1042, 1043, 1049, 1052, 1053, 1059], "excluded_lines": []}}, "classes": {"ValidationLevel": {"executed_lines": [], "summary": {"covered_lines": 0, "num_statements": 0, "percent_covered": 100.0, "percent_covered_display": "100", "missing_lines": 0, "excluded_lines": 0}, "missing_lines": [], "excluded_lines": []}, "ValidationResult": {"executed_lines": [], "summary": {"covered_lines": 0, "num_statements": 0, "percent_covered": 100.0, "percent_covered_display": "100", "missing_lines": 0, "excluded_lines": 0}, "missing_lines": [], "excluded_lines": []}, "Neo4jTemplateManager": {"executed_lines": [40, 41, 42, 43, 49, 52, 53, 54, 56, 57, 65, 66, 67, 71, 72, 74, 75, 77, 78, 80, 93, 95, 96, 97, 98, 99, 100, 104, 111, 113, 115, 119, 122, 124, 125, 126, 129, 132, 135, 136, 156, 157, 163, 164, 166, 170, 210, 220, 223, 224, 225, 227, 231, 234, 235, 236, 241, 243], "summary": {"covered_lines": 58, "num_statements": 66, "percent_covered": 87.87878787878788, "percent_covered_display": "88", "missing_lines": 8, "excluded_lines": 0}, "missing_lines": [50, 58, 59, 60, 101, 102, 120, 232], "excluded_lines": []}, "DataGovernanceEngine": {"executed_lines": [250, 253, 254, 257, 260, 266, 267, 270, 271, 275, 276, 279, 287, 288, 291, 294, 297, 298, 301, 306, 313, 321, 322, 325, 326, 327, 330, 331, 332, 333, 336, 339, 340, 344, 345, 348, 349, 352, 353, 355, 356, 359, 360, 361, 363, 364, 365, 367, 371, 414, 415, 416, 418, 419, 421, 422, 427, 435, 436, 437, 438, 440, 441, 449, 452, 456, 459, 463, 469, 475, 482, 487, 488, 489, 635, 638, 641, 642, 643, 646, 647, 648, 649, 650, 651, 652, 655, 656, 657, 658, 659, 662, 663, 664, 665, 668, 672, 674, 679, 680, 682, 683, 685, 686, 691, 692, 693, 696, 697, 700, 701, 707, 708, 709, 711, 712, 715, 716, 719, 727, 728, 730, 731, 732, 735, 736, 737, 739, 740, 741, 742, 760, 761, 763, 765, 766, 767, 768, 770, 790, 791, 793, 795, 796, 797, 798, 800, 840, 843, 844, 846, 849, 850, 851, 853, 854, 855, 856, 858, 885, 886, 922, 923, 926, 931, 932, 933, 935, 936, 938, 939, 940, 941, 943, 946], "summary": {"covered_lines": 175, "num_statements": 343, "percent_covered": 51.02040816326531, "percent_covered_display": "51", "missing_lines": 168, "excluded_lines": 0}, "missing_lines": [420, 424, 429, 430, 431, 445, 451, 458, 470, 483, 493, 494, 495, 506, 507, 509, 510, 511, 513, 518, 519, 520, 521, 525, 526, 527, 539, 540, 542, 543, 544, 546, 547, 548, 550, 551, 552, 554, 555, 556, 558, 568, 569, 570, 571, 575, 576, 578, 584, 585, 594, 595, 600, 601, 606, 607, 608, 626, 627, 669, 702, 720, 721, 746, 748, 749, 750, 751, 752, 753, 755, 774, 776, 777, 778, 779, 780, 781, 782, 783, 785, 804, 805, 808, 809, 812, 813, 814, 817, 818, 819, 822, 823, 824, 827, 828, 831, 832, 833, 834, 836, 863, 868, 869, 870, 873, 874, 876, 877, 878, 879, 881, 888, 889, 890, 896, 898, 899, 900, 903, 904, 906, 907, 908, 909, 911, 912, 913, 915, 916, 917, 944, 950, 951, 953, 954, 955, 960, 961, 962, 963, 964, 967, 968, 969, 970, 971, 972, 974, 977, 978, 980, 981, 985, 986, 988, 989, 990, 992, 993, 994, 995, 996, 997, 999, 1001, 1008, 1009], "excluded_lines": []}, "": {"executed_lines": [1, 6, 7, 8, 9, 10, 11, 14, 16, 17, 19, 20, 24, 25, 26, 27, 29, 30, 31, 32, 33, 34, 36, 37, 39, 47, 62, 69, 117, 168, 229, 245, 246, 262, 281, 303, 342, 369, 412, 433, 443, 447, 454, 461, 472, 485, 491, 523, 573, 603, 629, 676, 688, 704, 723, 744, 757, 772, 787, 802, 838, 860, 883, 919, 948, 983, 1011, 1013, 1014, 1016, 1017, 1018, 1019, 1021, 1022, 1023, 1024, 1026, 1027, 1028, 1029, 1031, 1034, 1035, 1037], "summary": {"covered_lines": 83, "num_statements": 94, "percent_covered": 88.29787234042553, "percent_covered_display": "88", "missing_lines": 11, "excluded_lines": 0}, "missing_lines": [18, 21, 22, 1032, 1039, 1042, 1043, 1049, 1052, 1053, 1059], "excluded_lines": []}}}, "src/governance/governance_cli.py": {"executed_lines": [2, 7, 8, 9, 10, 11, 12, 15, 16, 18, 19, 21, 24, 25, 27, 29, 30, 31, 32, 33, 35, 38, 39, 40, 42, 44, 45, 46, 47, 48, 49, 51, 52, 53, 54, 55, 58, 59, 61, 62, 63, 64, 65, 67, 68, 69, 70, 71, 72, 73, 74, 75, 77, 79, 80, 81, 83, 88, 96, 99, 102, 103, 104, 105, 106, 108, 111, 112, 115, 123, 125, 126, 127, 128, 129, 130, 131, 133, 136, 137, 140, 143, 145, 146, 147, 148, 149, 150, 151, 152, 153, 156, 165, 167, 168, 169, 170, 171, 172, 174, 176, 178, 179, 180, 181, 184, 185, 189, 190, 191, 192, 193, 194, 195, 199, 202, 203, 205, 207, 208, 209, 211, 212, 214, 215, 217, 218, 219, 220, 221, 223, 224, 225, 226, 227, 228, 229, 231, 233, 234, 236, 243, 244, 247, 250, 251, 252, 253, 255, 256, 258, 259, 260, 262, 263, 265, 266, 269, 270, 271, 272, 274, 275, 277, 278, 280, 283, 284, 286, 288, 289, 290, 292, 293, 295, 296, 298, 299, 301, 302, 303, 304, 305, 307, 310, 311, 315, 317, 320, 324, 325, 327, 329, 330, 331, 333, 335, 336, 338, 339, 340, 342, 343, 344, 346, 347, 348, 350, 356, 357, 358, 359, 361, 363, 364, 366, 368, 369, 370, 372, 374, 375, 376, 379, 380, 382, 383, 389, 390, 392, 394, 395, 396, 397, 398, 399, 400, 401, 403, 405, 413, 415, 416, 417, 418, 420, 422, 424, 426, 428, 430, 431, 438, 439, 440, 442, 443, 444, 445, 448, 457], "summary": {"covered_lines": 260, "num_statements": 279, "percent_covered": 93.18996415770609, "percent_covered_display": "93", "missing_lines": 19, "excluded_lines": 0}, "missing_lines": [100, 197, 248, 312, 313, 321, 351, 352, 353, 354, 385, 386, 450, 451, 452, 453, 454, 455, 458], "excluded_lines": [], "functions": {"cli": {"executed_lines": [21], "summary": {"covered_lines": 1, "num_statements": 1, "percent_covered": 100.0, "percent_covered_display": "100", "missing_lines": 0, "excluded_lines": 0}, "missing_lines": [], "excluded_lines": []}, "templates": {"executed_lines": [27], "summary": {"covered_lines": 1, "num_statements": 1, "percent_covered": 100.0, "percent_covered_display": "100", "missing_lines": 0, "excluded_lines": 0}, "missing_lines": [], "excluded_lines": []}, "list_templates": {"executed_lines": [35, 38, 39, 40, 42, 44, 45, 46, 47, 48, 49, 51, 52, 53, 54, 55, 58, 59, 61, 62, 63, 64, 65], "summary": {"covered_lines": 23, "num_statements": 23, "percent_covered": 100.0, "percent_covered_display": "100", "missing_lines": 0, "excluded_lines": 0}, "missing_lines": [], "excluded_lines": []}, "add_template": {"executed_lines": [77, 79, 80, 81, 83, 88, 96, 99], "summary": {"covered_lines": 8, "num_statements": 9, "percent_covered": 88.88888888888889, "percent_covered_display": "89", "missing_lines": 1, "excluded_lines": 0}, "missing_lines": [100], "excluded_lines": []}, "validate_template": {"executed_lines": [108, 111, 112, 115, 123], "summary": {"covered_lines": 5, "num_statements": 5, "percent_covered": 100.0, "percent_covered_display": "100", "missing_lines": 0, "excluded_lines": 0}, "missing_lines": [], "excluded_lines": []}, "validate_smart_template": {"executed_lines": [133, 136, 137, 140, 143, 145, 146, 147, 148, 149, 150, 151, 152, 153, 156, 165], "summary": {"covered_lines": 16, "num_statements": 16, "percent_covered": 100.0, "percent_covered_display": "100", "missing_lines": 0, "excluded_lines": 0}, "missing_lines": [], "excluded_lines": []}, "create_project_template": {"executed_lines": [174, 176, 178, 179, 180, 181, 184, 185, 189, 190, 191, 192, 193, 194, 195, 199], "summary": {"covered_lines": 16, "num_statements": 17, "percent_covered": 94.11764705882354, "percent_covered_display": "94", "missing_lines": 1, "excluded_lines": 0}, "missing_lines": [197], "excluded_lines": []}, "workflows": {"executed_lines": [205], "summary": {"covered_lines": 1, "num_statements": 1, "percent_covered": 100.0, "percent_covered_display": "100", "missing_lines": 0, "excluded_lines": 0}, "missing_lines": [], "excluded_lines": []}, "list_workflows": {"executed_lines": [211, 212, 214, 215, 217, 218, 219, 220, 221], "summary": {"covered_lines": 9, "num_statements": 9, "percent_covered": 100.0, "percent_covered_display": "100", "missing_lines": 0, "excluded_lines": 0}, "missing_lines": [], "excluded_lines": []}, "add_workflow": {"executed_lines": [231, 233, 234, 236, 243, 244, 247], "summary": {"covered_lines": 7, "num_statements": 8, "percent_covered": 87.5, "percent_covered_display": "88", "missing_lines": 1, "excluded_lines": 0}, "missing_lines": [248], "excluded_lines": []}, "workflow_progress": {"executed_lines": [255, 256, 258, 259, 260, 262, 263, 265, 266, 269, 270, 271, 272, 274, 275, 277, 278, 280], "summary": {"covered_lines": 18, "num_statements": 18, "percent_covered": 100.0, "percent_covered_display": "100", "missing_lines": 0, "excluded_lines": 0}, "missing_lines": [], "excluded_lines": []}, "rules": {"executed_lines": [286], "summary": {"covered_lines": 1, "num_statements": 1, "percent_covered": 100.0, "percent_covered_display": "100", "missing_lines": 0, "excluded_lines": 0}, "missing_lines": [], "excluded_lines": []}, "show_rules": {"executed_lines": [292, 293, 295, 296, 298, 299], "summary": {"covered_lines": 6, "num_statements": 6, "percent_covered": 100.0, "percent_covered_display": "100", "missing_lines": 0, "excluded_lines": 0}, "missing_lines": [], "excluded_lines": []}, "update_rule": {"executed_lines": [307, 310, 311, 315, 317, 320], "summary": {"covered_lines": 6, "num_statements": 9, "percent_covered": 66.66666666666667, "percent_covered_display": "67", "missing_lines": 3, "excluded_lines": 0}, "missing_lines": [312, 313, 321], "excluded_lines": []}, "system": {"executed_lines": [327], "summary": {"covered_lines": 1, "num_statements": 1, "percent_covered": 100.0, "percent_covered_display": "100", "missing_lines": 0, "excluded_lines": 0}, "missing_lines": [], "excluded_lines": []}, "system_status": {"executed_lines": [333, 335, 336, 338, 339, 340, 342, 343, 344, 346, 347, 348, 350], "summary": {"covered_lines": 13, "num_statements": 17, "percent_covered": 76.47058823529412, "percent_covered_display": "76", "missing_lines": 4, "excluded_lines": 0}, "missing_lines": [351, 352, 353, 354], "excluded_lines": []}, "export_config": {"executed_lines": [361, 363, 364, 366], "summary": {"covered_lines": 4, "num_statements": 4, "percent_covered": 100.0, "percent_covered_display": "100", "missing_lines": 0, "excluded_lines": 0}, "missing_lines": [], "excluded_lines": []}, "validate_config": {"executed_lines": [372, 374, 375, 376, 379, 380, 382, 383], "summary": {"covered_lines": 8, "num_statements": 10, "percent_covered": 80.0, "percent_covered_display": "80", "missing_lines": 2, "excluded_lines": 0}, "missing_lines": [385, 386], "excluded_lines": []}, "test": {"executed_lines": [392], "summary": {"covered_lines": 1, "num_statements": 1, "percent_covered": 100.0, "percent_covered_display": "100", "missing_lines": 0, "excluded_lines": 0}, "missing_lines": [], "excluded_lines": []}, "test_note": {"executed_lines": [403, 405, 413], "summary": {"covered_lines": 3, "num_statements": 3, "percent_covered": 100.0, "percent_covered_display": "100", "missing_lines": 0, "excluded_lines": 0}, "missing_lines": [], "excluded_lines": []}, "test_performance": {"executed_lines": [420, 422, 424, 426, 428, 430, 431, 438, 439, 440, 442, 443, 444, 445], "summary": {"covered_lines": 14, "num_statements": 14, "percent_covered": 100.0, "percent_covered_display": "100", "missing_lines": 0, "excluded_lines": 0}, "missing_lines": [], "excluded_lines": []}, "save_to_config_file": {"executed_lines": [], "summary": {"covered_lines": 0, "num_statements": 6, "percent_covered": 0.0, "percent_covered_display": "0", "missing_lines": 6, "excluded_lines": 0}, "missing_lines": [450, 451, 452, 453, 454, 455], "excluded_lines": []}, "": {"executed_lines": [2, 7, 8, 9, 10, 11, 12, 15, 16, 18, 19, 24, 25, 29, 30, 31, 32, 33, 67, 68, 69, 70, 71, 72, 73, 74, 75, 102, 103, 104, 105, 106, 125, 126, 127, 128, 129, 130, 131, 167, 168, 169, 170, 171, 172, 202, 203, 207, 208, 209, 223, 224, 225, 226, 227, 228, 229, 250, 251, 252, 253, 283, 284, 288, 289, 290, 301, 302, 303, 304, 305, 324, 325, 329, 330, 331, 356, 357, 358, 359, 368, 369, 370, 389, 390, 394, 395, 396, 397, 398, 399, 400, 401, 415, 416, 417, 418, 448, 457], "summary": {"covered_lines": 98, "num_statements": 99, "percent_covered": 98.98989898989899, "percent_covered_display": "99", "missing_lines": 1, "excluded_lines": 0}, "missing_lines": [458], "excluded_lines": []}}, "classes": {"": {"executed_lines": [2, 7, 8, 9, 10, 11, 12, 15, 16, 18, 19, 21, 24, 25, 27, 29, 30, 31, 32, 33, 35, 38, 39, 40, 42, 44, 45, 46, 47, 48, 49, 51, 52, 53, 54, 55, 58, 59, 61, 62, 63, 64, 65, 67, 68, 69, 70, 71, 72, 73, 74, 75, 77, 79, 80, 81, 83, 88, 96, 99, 102, 103, 104, 105, 106, 108, 111, 112, 115, 123, 125, 126, 127, 128, 129, 130, 131, 133, 136, 137, 140, 143, 145, 146, 147, 148, 149, 150, 151, 152, 153, 156, 165, 167, 168, 169, 170, 171, 172, 174, 176, 178, 179, 180, 181, 184, 185, 189, 190, 191, 192, 193, 194, 195, 199, 202, 203, 205, 207, 208, 209, 211, 212, 214, 215, 217, 218, 219, 220, 221, 223, 224, 225, 226, 227, 228, 229, 231, 233, 234, 236, 243, 244, 247, 250, 251, 252, 253, 255, 256, 258, 259, 260, 262, 263, 265, 266, 269, 270, 271, 272, 274, 275, 277, 278, 280, 283, 284, 286, 288, 289, 290, 292, 293, 295, 296, 298, 299, 301, 302, 303, 304, 305, 307, 310, 311, 315, 317, 320, 324, 325, 327, 329, 330, 331, 333, 335, 336, 338, 339, 340, 342, 343, 344, 346, 347, 348, 350, 356, 357, 358, 359, 361, 363, 364, 366, 368, 369, 370, 372, 374, 375, 376, 379, 380, 382, 383, 389, 390, 392, 394, 395, 396, 397, 398, 399, 400, 401, 403, 405, 413, 415, 416, 417, 418, 420, 422, 424, 426, 428, 430, 431, 438, 439, 440, 442, 443, 444, 445, 448, 457], "summary": {"covered_lines": 260, "num_statements": 279, "percent_covered": 93.18996415770609, "percent_covered_display": "93", "missing_lines": 19, "excluded_lines": 0}, "missing_lines": [100, 197, 248, 312, 313, 321, 351, 352, 353, 354, 385, 386, 450, 451, 452, 453, 454, 455, 458], "excluded_lines": []}}}, "src/governance/governance_status.py": {"executed_lines": [], "summary": {"covered_lines": 0, "num_statements": 77, "percent_covered": 0.0, "percent_covered_display": "0", "missing_lines": 77, "excluded_lines": 0}, "missing_lines": [7, 8, 9, 10, 12, 14, 15, 16, 17, 18, 20, 21, 22, 23, 24, 27, 28, 29, 30, 31, 32, 33, 34, 35, 36, 39, 40, 41, 42, 43, 44, 45, 46, 47, 49, 50, 51, 53, 54, 55, 56, 58, 60, 61, 63, 64, 67, 68, 77, 78, 79, 82, 83, 84, 85, 87, 88, 89, 90, 93, 94, 95, 96, 97, 98, 99, 102, 103, 104, 105, 106, 107, 108, 110, 111, 113, 114], "excluded_lines": [], "functions": {"run_command": {"executed_lines": [], "summary": {"covered_lines": 0, "num_statements": 5, "percent_covered": 0.0, "percent_covered_display": "0", "missing_lines": 5, "excluded_lines": 0}, "missing_lines": [14, 15, 16, 17, 18], "excluded_lines": []}, "main": {"executed_lines": [], "summary": {"covered_lines": 0, "num_statements": 64, "percent_covered": 0.0, "percent_covered_display": "0", "missing_lines": 64, "excluded_lines": 0}, "missing_lines": [21, 22, 23, 24, 27, 28, 29, 30, 31, 32, 33, 34, 35, 36, 39, 40, 41, 42, 43, 44, 45, 46, 47, 49, 50, 51, 53, 54, 55, 56, 58, 60, 61, 63, 64, 67, 68, 77, 78, 79, 82, 83, 84, 85, 87, 88, 89, 90, 93, 94, 95, 96, 97, 98, 99, 102, 103, 104, 105, 106, 107, 108, 110, 111], "excluded_lines": []}, "": {"executed_lines": [], "summary": {"covered_lines": 0, "num_statements": 8, "percent_covered": 0.0, "percent_covered_display": "0", "missing_lines": 8, "excluded_lines": 0}, "missing_lines": [7, 8, 9, 10, 12, 20, 113, 114], "excluded_lines": []}}, "classes": {"": {"executed_lines": [], "summary": {"covered_lines": 0, "num_statements": 77, "percent_covered": 0.0, "percent_covered_display": "0", "missing_lines": 77, "excluded_lines": 0}, "missing_lines": [7, 8, 9, 10, 12, 14, 15, 16, 17, 18, 20, 21, 22, 23, 24, 27, 28, 29, 30, 31, 32, 33, 34, 35, 36, 39, 40, 41, 42, 43, 44, 45, 46, 47, 49, 50, 51, 53, 54, 55, 56, 58, 60, 61, 63, 64, 67, 68, 77, 78, 79, 82, 83, 84, 85, 87, 88, 89, 90, 93, 94, 95, 96, 97, 98, 99, 102, 103, 104, 105, 106, 107, 108, 110, 111, 113, 114], "excluded_lines": []}}}, "src/mcp/__init__.py": {"executed_lines": [1, 17, 18, 21, 28, 31, 34, 35], "summary": {"covered_lines": 7, "num_statements": 13, "percent_covered": 53.84615384615385, "percent_covered_display": "54", "missing_lines": 6, "excluded_lines": 0}, "missing_lines": [37, 39, 40, 41, 42, 43], "excluded_lines": [], "functions": {"": {"executed_lines": [1, 17, 18, 21, 28, 31, 34, 35], "summary": {"covered_lines": 7, "num_statements": 13, "percent_covered": 53.84615384615385, "percent_covered_display": "54", "missing_lines": 6, "excluded_lines": 0}, "missing_lines": [37, 39, 40, 41, 42, 43], "excluded_lines": []}}, "classes": {"": {"executed_lines": [1, 17, 18, 21, 28, 31, 34, 35], "summary": {"covered_lines": 7, "num_statements": 13, "percent_covered": 53.84615384615385, "percent_covered_display": "54", "missing_lines": 6, "excluded_lines": 0}, "missing_lines": [37, 39, 40, 41, 42, 43], "excluded_lines": []}}}, "src/mcp/cortex_mcp_server.py": {"executed_lines": [2, 28, 29, 30, 31, 32, 33, 34, 37, 38, 39, 40, 41, 42, 50, 51, 52, 54, 55, 56, 57, 60, 63, 66, 69, 71, 74, 75, 76, 78, 79, 80, 82, 83, 84, 86, 87, 91, 92, 96, 104, 107, 108, 110, 111, 113, 114, 115, 117, 121, 123, 125, 127, 128, 130, 131, 133, 141, 164, 167, 169, 208, 211, 212, 215, 216, 219, 221, 228, 235, 242, 243, 272, 274, 296, 298, 300, 493, 496, 512, 513, 515, 518, 520, 522, 545, 566, 586, 603, 616, 632, 644, 657, 660, 661, 662, 663, 664, 666, 693, 695, 696, 697, 698], "summary": {"covered_lines": 102, "num_statements": 245, "percent_covered": 41.63265306122449, "percent_covered_display": "42", "missing_lines": 143, "excluded_lines": 0}, "missing_lines": [58, 59, 61, 62, 64, 65, 67, 68, 70, 72, 88, 89, 93, 94, 98, 99, 100, 101, 119, 148, 149, 155, 156, 213, 217, 222, 223, 224, 226, 229, 230, 231, 233, 236, 237, 238, 240, 275, 276, 291, 292, 293, 497, 498, 500, 501, 503, 505, 506, 508, 510, 516, 523, 524, 525, 526, 528, 529, 532, 533, 534, 536, 538, 539, 541, 543, 546, 547, 548, 550, 551, 553, 554, 555, 557, 559, 560, 562, 564, 567, 568, 570, 571, 574, 575, 577, 579, 580, 582, 584, 587, 588, 589, 591, 592, 594, 596, 597, 599, 601, 604, 605, 607, 609, 610, 612, 614, 617, 618, 620, 621, 623, 625, 626, 628, 630, 633, 635, 637, 638, 640, 642, 645, 647, 649, 650, 652, 654, 668, 669, 670, 672, 674, 675, 687, 688, 689, 690, 691, 699, 700, 701, 704], "excluded_lines": [], "functions": {"CortexMCPServer.__init__": {"executed_lines": [114, 115], "summary": {"covered_lines": 2, "num_statements": 2, "percent_covered": 100.0, "percent_covered_display": "100", "missing_lines": 0, "excluded_lines": 0}, "missing_lines": [], "excluded_lines": []}, "CortexMCPServer.get_cortex_cli_path": {"executed_lines": [], "summary": {"covered_lines": 0, "num_statements": 1, "percent_covered": 0.0, "percent_covered_display": "0", "missing_lines": 1, "excluded_lines": 0}, "missing_lines": [119], "excluded_lines": []}, "CortexMCPServer.is_cortex_cli_available": {"executed_lines": [123], "summary": {"covered_lines": 1, "num_statements": 1, "percent_covered": 100.0, "percent_covered_display": "100", "missing_lines": 0, "excluded_lines": 0}, "missing_lines": [], "excluded_lines": []}, "CortexMCPServer.run_cortex_command": {"executed_lines": [127, 128, 130, 131, 133, 141], "summary": {"covered_lines": 6, "num_statements": 10, "percent_covered": 60.0, "percent_covered_display": "60", "missing_lines": 4, "excluded_lines": 0}, "missing_lines": [148, 149, 155, 156], "excluded_lines": []}, "handle_list_resources": {"executed_lines": [169], "summary": {"covered_lines": 1, "num_statements": 1, "percent_covered": 100.0, "percent_covered_display": "100", "missing_lines": 0, "excluded_lines": 0}, "missing_lines": [], "excluded_lines": []}, "handle_read_resource": {"executed_lines": [211, 212, 215, 216, 219, 221, 228, 235, 242, 243, 272, 274, 296], "summary": {"covered_lines": 13, "num_statements": 32, "percent_covered": 40.625, "percent_covered_display": "41", "missing_lines": 19, "excluded_lines": 0}, "missing_lines": [213, 217, 222, 223, 224, 226, 229, 230, 231, 233, 236, 237, 238, 240, 275, 276, 291, 292, 293], "excluded_lines": []}, "handle_list_tools": {"executed_lines": [300], "summary": {"covered_lines": 1, "num_statements": 1, "percent_covered": 100.0, "percent_covered_display": "100", "missing_lines": 0, "excluded_lines": 0}, "missing_lines": [], "excluded_lines": []}, "handle_call_tool": {"executed_lines": [496, 512, 513, 515, 518, 520, 522, 545, 566, 586, 603, 616, 632, 644, 657], "summary": {"covered_lines": 15, "num_statements": 101, "percent_covered": 14.851485148514852, "percent_covered_display": "15", "missing_lines": 86, "excluded_lines": 0}, "missing_lines": [497, 498, 500, 501, 503, 505, 506, 508, 510, 516, 523, 524, 525, 526, 528, 529, 532, 533, 534, 536, 538, 539, 541, 543, 546, 547, 548, 550, 551, 553, 554, 555, 557, 559, 560, 562, 564, 567, 568, 570, 571, 574, 575, 577, 579, 580, 582, 584, 587, 588, 589, 591, 592, 594, 596, 597, 599, 601, 604, 605, 607, 609, 610, 612, 614, 617, 618, 620, 621, 623, 625, 626, 628, 630, 633, 635, 637, 638, 640, 642, 645, 647, 649, 650, 652, 654], "excluded_lines": []}, "main": {"executed_lines": [], "summary": {"covered_lines": 0, "num_statements": 11, "percent_covered": 0.0, "percent_covered_display": "0", "missing_lines": 11, "excluded_lines": 0}, "missing_lines": [668, 669, 670, 672, 674, 675, 687, 688, 689, 690, 691], "excluded_lines": []}, "": {"executed_lines": [2, 28, 29, 30, 31, 32, 33, 34, 37, 38, 39, 40, 41, 42, 50, 51, 52, 54, 55, 56, 57, 60, 63, 66, 69, 71, 74, 75, 76, 78, 79, 80, 82, 83, 84, 86, 87, 91, 92, 96, 104, 107, 108, 110, 111, 113, 117, 121, 125, 164, 167, 208, 298, 493, 660, 661, 662, 663, 664, 666, 693, 695, 696, 697, 698], "summary": {"covered_lines": 63, "num_statements": 85, "percent_covered": 74.11764705882354, "percent_covered_display": "74", "missing_lines": 22, "excluded_lines": 0}, "missing_lines": [58, 59, 61, 62, 64, 65, 67, 68, 70, 72, 88, 89, 93, 94, 98, 99, 100, 101, 699, 700, 701, 704], "excluded_lines": []}}, "classes": {"CortexMCPServer": {"executed_lines": [114, 115, 123, 127, 128, 130, 131, 133, 141], "summary": {"covered_lines": 9, "num_statements": 14, "percent_covered": 64.28571428571429, "percent_covered_display": "64", "missing_lines": 5, "excluded_lines": 0}, "missing_lines": [119, 148, 149, 155, 156], "excluded_lines": []}, "": {"executed_lines": [2, 28, 29, 30, 31, 32, 33, 34, 37, 38, 39, 40, 41, 42, 50, 51, 52, 54, 55, 56, 57, 60, 63, 66, 69, 71, 74, 75, 76, 78, 79, 80, 82, 83, 84, 86, 87, 91, 92, 96, 104, 107, 108, 110, 111, 113, 117, 121, 125, 164, 167, 169, 208, 211, 212, 215, 216, 219, 221, 228, 235, 242, 243, 272, 274, 296, 298, 300, 493, 496, 512, 513, 515, 518, 520, 522, 545, 566, 586, 603, 616, 632, 644, 657, 660, 661, 662, 663, 664, 666, 693, 695, 696, 697, 698], "summary": {"covered_lines": 93, "num_statements": 231, "percent_covered": 40.25974025974026, "percent_covered_display": "40", "missing_lines": 138, "excluded_lines": 0}, "missing_lines": [58, 59, 61, 62, 64, 65, 67, 68, 70, 72, 88, 89, 93, 94, 98, 99, 100, 101, 213, 217, 222, 223, 224, 226, 229, 230, 231, 233, 236, 237, 238, 240, 275, 276, 291, 292, 293, 497, 498, 500, 501, 503, 505, 506, 508, 510, 516, 523, 524, 525, 526, 528, 529, 532, 533, 534, 536, 538, 539, 541, 543, 546, 547, 548, 550, 551, 553, 554, 555, 557, 559, 560, 562, 564, 567, 568, 570, 571, 574, 575, 577, 579, 580, 582, 584, 587, 588, 589, 591, 592, 594, 596, 597, 599, 601, 604, 605, 607, 609, 610, 612, 614, 617, 618, 620, 621, 623, 625, 626, 628, 630, 633, 635, 637, 638, 640, 642, 645, 647, 649, 650, 652, 654, 668, 669, 670, 672, 674, 675, 687, 688, 689, 690, 691, 699, 700, 701, 704], "excluded_lines": []}}}, "src/safe_transactions.py": {"executed_lines": [], "summary": {"covered_lines": 0, "num_statements": 110, "percent_covered": 0.0, "percent_covered_display": "0", "missing_lines": 110, "excluded_lines": 0}, "missing_lines": [7, 8, 9, 10, 11, 12, 13, 14, 17, 18, 20, 25, 26, 27, 28, 30, 34, 35, 36, 38, 40, 41, 42, 44, 47, 48, 51, 53, 55, 57, 58, 61, 63, 64, 65, 67, 69, 70, 71, 72, 75, 77, 94, 95, 103, 104, 106, 109, 111, 113, 114, 115, 117, 119, 120, 126, 132, 133, 134, 136, 137, 139, 144, 145, 146, 147, 149, 151, 152, 167, 177, 182, 183, 186, 187, 188, 191, 192, 195, 196, 197, 199, 200, 201, 203, 204, 207, 208, 210, 211, 213, 214, 215, 217, 219, 221, 222, 223, 226, 227, 228, 229, 231, 232, 233, 236, 237, 238, 240, 242], "excluded_lines": [], "functions": {"SafeTransactionManager.__init__": {"executed_lines": [], "summary": {"covered_lines": 0, "num_statements": 3, "percent_covered": 0.0, "percent_covered_display": "0", "missing_lines": 3, "excluded_lines": 0}, "missing_lines": [26, 27, 28], "excluded_lines": []}, "SafeTransactionManager.safe_transaction": {"executed_lines": [], "summary": {"covered_lines": 0, "num_statements": 3, "percent_covered": 0.0, "percent_covered_display": "0", "missing_lines": 3, "excluded_lines": 0}, "missing_lines": [34, 35, 65], "excluded_lines": []}, "SafeTransactionManager.safe_transaction.decorator": {"executed_lines": [], "summary": {"covered_lines": 0, "num_statements": 2, "percent_covered": 0.0, "percent_covered_display": "0", "missing_lines": 2, "excluded_lines": 0}, "missing_lines": [36, 64], "excluded_lines": []}, "SafeTransactionManager.safe_transaction.decorator.wrapper": {"executed_lines": [], "summary": {"covered_lines": 0, "num_statements": 14, "percent_covered": 0.0, "percent_covered_display": "0", "missing_lines": 14, "excluded_lines": 0}, "missing_lines": [38, 40, 41, 42, 44, 47, 48, 51, 53, 55, 57, 58, 61, 63], "excluded_lines": []}, "SafeTransactionManager._create_backup": {"executed_lines": [], "summary": {"covered_lines": 0, "num_statements": 16, "percent_covered": 0.0, "percent_covered_display": "0", "missing_lines": 16, "excluded_lines": 0}, "missing_lines": [69, 70, 71, 72, 75, 77, 94, 95, 103, 104, 106, 109, 111, 113, 114, 115], "excluded_lines": []}, "SafeTransactionManager._cleanup_old_backups": {"executed_lines": [], "summary": {"covered_lines": 0, "num_statements": 8, "percent_covered": 0.0, "percent_covered_display": "0", "missing_lines": 8, "excluded_lines": 0}, "missing_lines": [119, 120, 126, 132, 133, 134, 136, 137], "excluded_lines": []}, "DataIntegrityValidator.__init__": {"executed_lines": [], "summary": {"covered_lines": 0, "num_statements": 3, "percent_covered": 0.0, "percent_covered_display": "0", "missing_lines": 3, "excluded_lines": 0}, "missing_lines": [145, 146, 147], "excluded_lines": []}, "DataIntegrityValidator.get_current_stats": {"executed_lines": [], "summary": {"covered_lines": 0, "num_statements": 3, "percent_covered": 0.0, "percent_covered_display": "0", "missing_lines": 3, "excluded_lines": 0}, "missing_lines": [151, 152, 167], "excluded_lines": []}, "DataIntegrityValidator.validate_integrity": {"executed_lines": [], "summary": {"covered_lines": 0, "num_statements": 22, "percent_covered": 0.0, "percent_covered_display": "0", "missing_lines": 22, "excluded_lines": 0}, "missing_lines": [182, 183, 186, 187, 188, 191, 192, 195, 196, 197, 199, 200, 201, 203, 204, 207, 208, 210, 211, 213, 214, 215], "excluded_lines": []}, "DataIntegrityValidator.emergency_restore_check": {"executed_lines": [], "summary": {"covered_lines": 0, "num_statements": 16, "percent_covered": 0.0, "percent_covered_display": "0", "missing_lines": 16, "excluded_lines": 0}, "missing_lines": [219, 221, 222, 223, 226, 227, 228, 229, 231, 232, 233, 236, 237, 238, 240, 242], "excluded_lines": []}, "": {"executed_lines": [], "summary": {"covered_lines": 0, "num_statements": 20, "percent_covered": 0.0, "percent_covered_display": "0", "missing_lines": 20, "excluded_lines": 0}, "missing_lines": [7, 8, 9, 10, 11, 12, 13, 14, 17, 18, 20, 25, 30, 67, 117, 139, 144, 149, 177, 217], "excluded_lines": []}}, "classes": {"SafeTransactionManager": {"executed_lines": [], "summary": {"covered_lines": 0, "num_statements": 46, "percent_covered": 0.0, "percent_covered_display": "0", "missing_lines": 46, "excluded_lines": 0}, "missing_lines": [26, 27, 28, 34, 35, 36, 38, 40, 41, 42, 44, 47, 48, 51, 53, 55, 57, 58, 61, 63, 64, 65, 69, 70, 71, 72, 75, 77, 94, 95, 103, 104, 106, 109, 111, 113, 114, 115, 119, 120, 126, 132, 133, 134, 136, 137], "excluded_lines": []}, "DataIntegrityValidator": {"executed_lines": [], "summary": {"covered_lines": 0, "num_statements": 44, "percent_covered": 0.0, "percent_covered_display": "0", "missing_lines": 44, "excluded_lines": 0}, "missing_lines": [145, 146, 147, 151, 152, 167, 182, 183, 186, 187, 188, 191, 192, 195, 196, 197, 199, 200, 201, 203, 204, 207, 208, 210, 211, 213, 214, 215, 219, 221, 222, 223, 226, 227, 228, 229, 231, 232, 233, 236, 237, 238, 240, 242], "excluded_lines": []}, "": {"executed_lines": [], "summary": {"covered_lines": 0, "num_statements": 20, "percent_covered": 0.0, "percent_covered_display": "0", "missing_lines": 20, "excluded_lines": 0}, "missing_lines": [7, 8, 9, 10, 11, 12, 13, 14, 17, 18, 20, 25, 30, 67, 117, 139, 144, 149, 177, 217], "excluded_lines": []}}}}, "totals": {"covered_lines": 687, "num_statements": 1275, "percent_covered": 53.88235294117647, "percent_covered_display": "54", "missing_lines": 588, "excluded_lines": 0}}